<?xml version="1.0" encoding="UTF-8"?>
<!-- Generated by org.testng.reporters.JUnitReportReporter -->
<testsuite hostname="IN-706M2J3" failures="0" tests="4" name="Test.Fashion" time="30.663" errors="0" timestamp="2022-07-14T21:06:40 IST" skipped="0">
  <testcase classname="Test.Fashion" name="Electronics_Item" time="7.840"/>
  <system-out/>
  <testcase classname="Test.Fashion" name="fashion" time="7.383"/>
  <system-out/>
  <testcase classname="Test.Fashion" name="Home_Test" time="7.263"/>
  <system-out/>
  <testcase classname="Test.Fashion" name="Other_Categories" time="8.177"/>
  <system-out/>
</testsuite> <!-- Test.Fashion -->
