<?xml version="1.0" encoding="UTF-8"?>
<!-- Generated by org.testng.reporters.JUnitReportReporter -->
<testsuite hostname="IN-706M2J3" failures="0" tests="3" name="Test.Test_Search" time="26.504" errors="0" timestamp="2022-07-14T21:06:40 IST" skipped="0">
  <testcase classname="Test.Test_Search" name="Valid_Search_Test" time="14.428"/>
  <system-out/>
  <testcase classname="Test.Test_Search" name="InValid_Search_Test" time="7.170"/>
  <system-out/>
  <testcase classname="Test.Test_Search" name="Blank_Search_Test" time="4.906"/>
  <system-out/>
</testsuite> <!-- Test.Test_Search -->
