<?xml version="1.0" encoding="UTF-8"?>
<!-- Generated by org.testng.reporters.JUnitReportReporter -->
<testsuite hostname="IN-706M2J3" failures="0" tests="5" name="Test.Login_Test" time="33.467" errors="0" timestamp="2022-07-14T21:06:40 IST" skipped="0">
  <testcase classname="Test.Login_Test" name="ValidLoginTest" time="7.836"/>
  <system-out/>
  <testcase classname="Test.Login_Test" name="InValidLoginTest" time="4.998"/>
  <system-out/>
  <testcase classname="Test.Login_Test" name="IncorrectPassword" time="4.980"/>
  <system-out/>
  <testcase classname="Test.Login_Test" name="IncorrectEmailId" time="7.503"/>
  <system-out/>
  <testcase classname="Test.Login_Test" name="BlankCredentials" time="8.150"/>
  <system-out/>
</testsuite> <!-- Test.Login_Test -->
