<?xml version="1.0" encoding="UTF-8"?>
<!-- Generated by org.testng.reporters.JUnitReportReporter -->
<testsuite hostname="IN-706M2J3" failures="0" tests="3" name="Test.SocialMedia_Test" time="17.487" errors="0" timestamp="2022-07-14T21:06:40 IST" skipped="0">
  <testcase classname="Test.SocialMedia_Test" name="pop_Up" time="5.337"/>
  <system-out/>
  <testcase classname="Test.SocialMedia_Test" name="Youtube" time="5.551"/>
  <system-out/>
  <testcase classname="Test.SocialMedia_Test" name="FaceBook" time="6.599"/>
  <system-out/>
</testsuite> <!-- Test.SocialMedia_Test -->
