<?xml version="1.0" encoding="UTF-8"?>
<!-- Generated by org.testng.reporters.JUnitReportReporter -->
<testsuite hostname="IN-706M2J3" failures="0" tests="3" name="Test.Category_Test" time="23.139" errors="0" timestamp="2022-07-14T21:06:40 IST" skipped="0">
  <testcase classname="Test.Category_Test" name="Mobile_Category" time="10.222"/>
  <system-out/>
  <testcase classname="Test.Category_Test" name="Categories" time="5.816"/>
  <system-out/>
  <testcase classname="Test.Category_Test" name="Appliance_Categories" time="7.101"/>
  <system-out/>
</testsuite> <!-- Test.Category_Test -->
